[14:41:41] [Server thread/INFO]: Starting minecraft server version 1.8.8
[14:41:41] [Server thread/INFO]: Loading properties
[14:41:41] [Server thread/INFO]: Default game type: SURVIVAL
[14:41:42] [Server thread/INFO]: This server is running CraftBukkit version git-PaperSpigot-445 (MC: 1.8.8) (Implementing API version 1.8.8-R0.1-SNAPSHOT)
[14:41:42] [Server thread/INFO]: Debug logging is disabled
[14:41:42] [Server thread/INFO]: Spigot Timings: true - Verbose: true - Interval: 5m - Length: 60m
[14:41:42] [Server thread/INFO]: Server Ping Player Sample Count: 12

[14:41:42] [Server thread/INFO]: Using 4 threads for Netty based IO
[14:41:42] [Server thread/INFO]: Data value allowed items: 
[14:41:42] [Server thread/WARN]: java.lang.NoSuchFieldException: modifiers

[14:41:42] [Server thread/WARN]: 	at java.base/java.lang.Class.getDeclaredField(Class.java:2782)

[14:41:42] [Server thread/WARN]: 	at org.github.paperspigot.PaperSpigotConfig.stackableBuckets(PaperSpigotConfig.java:192)

[14:41:42] [Server thread/WARN]: 	at java.base/jdk.internal.reflect.DirectMethodHandleAccessor.invoke(DirectMethodHandleAccessor.java:103)

[14:41:42] [Server thread/WARN]: 	at java.base/java.lang.reflect.Method.invoke(Method.java:580)

[14:41:42] [Server thread/WARN]: 	at org.github.paperspigot.PaperSpigotConfig.readConfig(PaperSpigotConfig.java:84)

[14:41:42] [Server thread/WARN]: 	at org.github.paperspigot.PaperSpigotConfig.init(PaperSpigotConfig.java:62)

[14:41:42] [Server thread/WARN]: 	at net.minecraft.server.v1_8_R3.DedicatedServer.init(DedicatedServer.java:181)

[14:41:42] [Server thread/WARN]: 	at net.minecraft.server.v1_8_R3.MinecraftServer.run(MinecraftServer.java:563)

[14:41:42] [Server thread/WARN]: 	at java.base/java.lang.Thread.run(Thread.java:1583)

[14:41:42] [Server thread/INFO]: Generating keypair
[14:41:43] [Server thread/INFO]: Starting Minecraft server on localhost:25565
[14:41:43] [Server thread/INFO]: Your platform does not provide complete low-level API for accessing direct buffers reliably. Unless explicitly requested, heap buffer will always be preferred to avoid potential system unstability.
[14:41:43] [Server thread/INFO]: Using default channel type
[14:41:43] [Server thread/INFO]: Set PluginClassLoader as parallel capable
[14:41:43] [Server thread/INFO]: [EmotesChat] Loading EmotesChat v1.3.1
[14:41:43] [Server thread/INFO]: [SimpleTpa] Loading SimpleTpa v6.4
[14:41:43] [Server thread/INFO]: [LuckPerms] Loading LuckPerms v5.4.150
[14:41:43] [Server thread/INFO]: [EssentialsSelectors] Loading EssentialsSelectors v1.6
[14:41:43] [Server thread/INFO]: [Essentials] Loading Essentials v2.20.1
[14:41:43] [Server thread/INFO]: [LoginSecurity] Loading LoginSecurity v3.2.0
[14:41:43] [Server thread/INFO]: [SimpleHomes] Loading SimpleHomes v2.2
[14:41:43] [Server thread/INFO]: [OnePlayerSleep] Loading OnePlayerSleep v1.3
[14:41:43] [Server thread/INFO]: [MinecraftDashboard] Loading MinecraftDashboard v1.1.7
[14:41:43] [Server thread/INFO]: [InvSee++] Loading InvSeePlusPlus v0.29.11
[14:41:43] [Server thread/INFO]: [GriefPrevention] Loading GriefPrevention v13.9.1
[14:41:43] [Server thread/INFO]: [CustomCommands] Loading CustomCommands v1.4
[14:41:43] [Server thread/INFO]: [BetterKeepInventory] Loading BetterKeepInventory v1.0.3
[14:41:43] [Server thread/INFO]: [LuckPerms] Enabling LuckPerms v5.4.150
[14:41:44] [Server thread/INFO]: [0;36;1m       [0;36;22m __    [m

[14:41:44] [Server thread/INFO]: [0;36;1m  |    [0;36;22m|__)   [0;32;22mLuckPerms[m [0;36;1mv5.4.150[m

[14:41:44] [Server thread/INFO]: [0;36;1m  |___ [0;36;22m|      [0;30;1mRunning on Bukkit - CraftBukkit[m

[14:41:44] [Server thread/INFO]: [m

[14:41:44] [Server thread/INFO]: [LuckPerms] Loading configuration...
[14:41:44] [Server thread/INFO]: [LuckPerms] Loading storage provider... [H2]
[14:41:45] [Server thread/INFO]: [LuckPerms] Loading internal permission managers...
[14:41:45] [Server thread/INFO]: [LuckPerms] Performing initial data load...
[14:41:45] [Server thread/INFO]: [LuckPerms] Successfully enabled. (took 1594ms)
[14:41:45] [Server thread/WARN]: **** SERVER IS RUNNING IN OFFLINE/INSECURE MODE!
[14:41:45] [Server thread/WARN]: The server will make no attempt to authenticate usernames. Beware.
[14:41:45] [Server thread/WARN]: Whilst this makes it possible to use BungeeCord, unless access to your server is properly restricted, it also opens up the ability for hackers to connect with any username they choose.
[14:41:45] [Server thread/WARN]: Please see http://www.spigotmc.org/wiki/firewall-guide/ for further information.
[14:41:45] [Server thread/WARN]: To change this, set "online-mode" to "true" in the server.properties file.
[14:41:45] [Server thread/INFO]: **** Beginning UUID conversion, this may take A LONG time ****
[14:41:45] [Server thread/INFO]: Preparing level "world"
[14:41:45] [Server thread/INFO]: -------- World Settings For [world] --------
[14:41:45] [Server thread/INFO]: Anti X-Ray: true
[14:41:45] [Server thread/INFO]: 	Engine Mode: 1
[14:41:45] [Server thread/INFO]: 	Hidden Blocks: [14, 15, 16, 21, 48, 49, 54, 56, 73, 74, 82, 129, 130]
[14:41:45] [Server thread/INFO]: 	Replace Blocks: [1, 5]
[14:41:45] [Server thread/INFO]: Nerfing mobs spawned from spawners: false
[14:41:45] [Server thread/INFO]: Mob Spawn Range: 4
[14:41:45] [Server thread/INFO]: Cactus Growth Modifier: 100%
[14:41:45] [Server thread/INFO]: Cane Growth Modifier: 100%
[14:41:45] [Server thread/INFO]: Melon Growth Modifier: 100%
[14:41:45] [Server thread/INFO]: Mushroom Growth Modifier: 100%
[14:41:45] [Server thread/INFO]: Pumpkin Growth Modifier: 100%
[14:41:45] [Server thread/INFO]: Sapling Growth Modifier: 100%
[14:41:45] [Server thread/INFO]: Wheat Growth Modifier: 100%
[14:41:45] [Server thread/INFO]: NetherWart Growth Modifier: 100%
[14:41:45] [Server thread/INFO]: Entity Activation Range: An 32 / Mo 32 / Mi 16
[14:41:45] [Server thread/INFO]: Entity Tracking Range: Pl 48 / An 48 / Mo 48 / Mi 32 / Other 64
[14:41:45] [Server thread/INFO]: Hopper Transfer: 8 Hopper Check: 8 Hopper Amount: 1
[14:41:45] [Server thread/INFO]: Random Lighting Updates: false
[14:41:45] [Server thread/INFO]: Structure Info Saving: true
[14:41:45] [Server thread/INFO]: Sending up to 10 chunks per packet
[14:41:45] [Server thread/INFO]: Max Entity Collisions: 8
[14:41:45] [Server thread/INFO]: Custom Map Seeds:  Village: 10387312 Feature: 14357617
[14:41:45] [Server thread/INFO]: Max TNT Explosions: 100
[14:41:45] [Server thread/INFO]: Tile Max Tick Time: 50ms Entity max Tick Time: 50ms
[14:41:45] [Server thread/INFO]: Item Despawn Rate: 6000
[14:41:45] [Server thread/INFO]: Item Merge Radius: 2.5
[14:41:45] [Server thread/INFO]: Arrow Despawn Rate: 1200
[14:41:45] [Server thread/INFO]: Allow Zombie Pigmen to spawn from portal blocks: true
[14:41:45] [Server thread/INFO]: View Distance: 4
[14:41:45] [Server thread/INFO]: Zombie Aggressive Towards Villager: true
[14:41:45] [Server thread/INFO]: Chunks to Grow per Tick: 650
[14:41:45] [Server thread/INFO]: Clear tick list: false
[14:41:45] [Server thread/INFO]: Experience Merge Radius: 3.0
[14:41:45] [Server thread/INFO]: -------- World Settings For [world] --------
[14:41:45] [Server thread/INFO]: Squids will spawn between Y: 45.0 and Y: 63.0
[14:41:45] [Server thread/INFO]: Player blocking damage multiplier set to 0.5
[14:41:45] [Server thread/INFO]: Max height for cactus growth 3. Max height for reed growth 3
[14:41:45] [Server thread/INFO]: Living Entity Despawn Ranges:  Soft: 32 Hard: 128
[14:41:45] [Server thread/INFO]: Remove invalid mob spawner tile entities: true
[14:41:45] [Server thread/INFO]: Water over lava flow speed: 5
[14:41:45] [Server thread/INFO]: Fix TNT cannons: false
[14:41:45] [Server thread/INFO]: Allow undead horse types to be leashed: false
[14:41:45] [Server thread/INFO]: WorldServer TickNextTick cap set at 10000
[14:41:45] [Server thread/INFO]: WorldServer TickNextTickList cap always processes redstone: false
[14:41:45] [Server thread/INFO]: Keep spawn chunk loaded: true
[14:41:45] [Server thread/INFO]: World async lighting: false
[14:41:45] [Server thread/INFO]: -------- World Settings For [world_nether] --------
[14:41:45] [Server thread/INFO]: Anti X-Ray: true
[14:41:45] [Server thread/INFO]: 	Engine Mode: 1
[14:41:45] [Server thread/INFO]: 	Hidden Blocks: [14, 15, 16, 21, 48, 49, 54, 56, 73, 74, 82, 129, 130]
[14:41:45] [Server thread/INFO]: 	Replace Blocks: [1, 5]
[14:41:45] [Server thread/INFO]: Nerfing mobs spawned from spawners: false
[14:41:45] [Server thread/INFO]: Mob Spawn Range: 4
[14:41:45] [Server thread/INFO]: Cactus Growth Modifier: 100%
[14:41:45] [Server thread/INFO]: Cane Growth Modifier: 100%
[14:41:45] [Server thread/INFO]: Melon Growth Modifier: 100%
[14:41:45] [Server thread/INFO]: Mushroom Growth Modifier: 100%
[14:41:45] [Server thread/INFO]: Pumpkin Growth Modifier: 100%
[14:41:45] [Server thread/INFO]: Sapling Growth Modifier: 100%
[14:41:45] [Server thread/INFO]: Wheat Growth Modifier: 100%
[14:41:45] [Server thread/INFO]: NetherWart Growth Modifier: 100%
[14:41:45] [Server thread/INFO]: Entity Activation Range: An 32 / Mo 32 / Mi 16
[14:41:45] [Server thread/INFO]: Entity Tracking Range: Pl 48 / An 48 / Mo 48 / Mi 32 / Other 64
[14:41:45] [Server thread/INFO]: Hopper Transfer: 8 Hopper Check: 8 Hopper Amount: 1
[14:41:45] [Server thread/INFO]: Random Lighting Updates: false
[14:41:45] [Server thread/INFO]: Structure Info Saving: true
[14:41:45] [Server thread/INFO]: Sending up to 10 chunks per packet
[14:41:45] [Server thread/INFO]: Max Entity Collisions: 8
[14:41:45] [Server thread/INFO]: Custom Map Seeds:  Village: 10387312 Feature: 14357617
[14:41:45] [Server thread/INFO]: Max TNT Explosions: 100
[14:41:45] [Server thread/INFO]: Tile Max Tick Time: 50ms Entity max Tick Time: 50ms
[14:41:45] [Server thread/INFO]: Item Despawn Rate: 6000
[14:41:45] [Server thread/INFO]: Item Merge Radius: 2.5
[14:41:45] [Server thread/INFO]: Arrow Despawn Rate: 1200
[14:41:45] [Server thread/INFO]: Allow Zombie Pigmen to spawn from portal blocks: true
[14:41:45] [Server thread/INFO]: View Distance: 4
[14:41:45] [Server thread/INFO]: Zombie Aggressive Towards Villager: true
[14:41:45] [Server thread/INFO]: Chunks to Grow per Tick: 650
[14:41:45] [Server thread/INFO]: Clear tick list: false
[14:41:45] [Server thread/INFO]: Experience Merge Radius: 3.0
[14:41:45] [Server thread/INFO]: -------- World Settings For [world_nether] --------
[14:41:45] [Server thread/INFO]: Squids will spawn between Y: 45.0 and Y: 63.0
[14:41:45] [Server thread/INFO]: Player blocking damage multiplier set to 0.5
[14:41:45] [Server thread/INFO]: Max height for cactus growth 3. Max height for reed growth 3
[14:41:45] [Server thread/INFO]: Living Entity Despawn Ranges:  Soft: 32 Hard: 128
[14:41:45] [Server thread/INFO]: Remove invalid mob spawner tile entities: true
[14:41:45] [Server thread/INFO]: Water over lava flow speed: 5
[14:41:45] [Server thread/INFO]: Fix TNT cannons: false
[14:41:45] [Server thread/INFO]: Allow undead horse types to be leashed: false
[14:41:45] [Server thread/INFO]: WorldServer TickNextTick cap set at 10000
[14:41:45] [Server thread/INFO]: WorldServer TickNextTickList cap always processes redstone: false
[14:41:45] [Server thread/INFO]: Keep spawn chunk loaded: true
[14:41:45] [Server thread/INFO]: World async lighting: false
[14:41:45] [Server thread/INFO]: -------- World Settings For [world_the_end] --------
[14:41:45] [Server thread/INFO]: Anti X-Ray: true
[14:41:45] [Server thread/INFO]: 	Engine Mode: 1
[14:41:45] [Server thread/INFO]: 	Hidden Blocks: [14, 15, 16, 21, 48, 49, 54, 56, 73, 74, 82, 129, 130]
[14:41:45] [Server thread/INFO]: 	Replace Blocks: [1, 5]
[14:41:45] [Server thread/INFO]: Nerfing mobs spawned from spawners: false
[14:41:45] [Server thread/INFO]: Mob Spawn Range: 4
[14:41:45] [Server thread/INFO]: Cactus Growth Modifier: 100%
[14:41:45] [Server thread/INFO]: Cane Growth Modifier: 100%
[14:41:45] [Server thread/INFO]: Melon Growth Modifier: 100%
[14:41:45] [Server thread/INFO]: Mushroom Growth Modifier: 100%
[14:41:45] [Server thread/INFO]: Pumpkin Growth Modifier: 100%
[14:41:45] [Server thread/INFO]: Sapling Growth Modifier: 100%
[14:41:45] [Server thread/INFO]: Wheat Growth Modifier: 100%
[14:41:45] [Server thread/INFO]: NetherWart Growth Modifier: 100%
[14:41:45] [Server thread/INFO]: Entity Activation Range: An 32 / Mo 32 / Mi 16
[14:41:45] [Server thread/INFO]: Entity Tracking Range: Pl 48 / An 48 / Mo 48 / Mi 32 / Other 64
[14:41:45] [Server thread/INFO]: Hopper Transfer: 8 Hopper Check: 8 Hopper Amount: 1
[14:41:45] [Server thread/INFO]: Random Lighting Updates: false
[14:41:45] [Server thread/INFO]: Structure Info Saving: true
[14:41:45] [Server thread/INFO]: Sending up to 10 chunks per packet
[14:41:45] [Server thread/INFO]: Max Entity Collisions: 8
[14:41:45] [Server thread/INFO]: Custom Map Seeds:  Village: 10387312 Feature: 14357617
[14:41:45] [Server thread/INFO]: Max TNT Explosions: 100
[14:41:45] [Server thread/INFO]: Tile Max Tick Time: 50ms Entity max Tick Time: 50ms
[14:41:45] [Server thread/INFO]: Item Despawn Rate: 6000
[14:41:45] [Server thread/INFO]: Item Merge Radius: 2.5
[14:41:45] [Server thread/INFO]: Arrow Despawn Rate: 1200
[14:41:45] [Server thread/INFO]: Allow Zombie Pigmen to spawn from portal blocks: true
[14:41:45] [Server thread/INFO]: View Distance: 4
[14:41:45] [Server thread/INFO]: Zombie Aggressive Towards Villager: true
[14:41:45] [Server thread/INFO]: Chunks to Grow per Tick: 650
[14:41:45] [Server thread/INFO]: Clear tick list: false
[14:41:45] [Server thread/INFO]: Experience Merge Radius: 3.0
[14:41:45] [Server thread/INFO]: -------- World Settings For [world_the_end] --------
[14:41:45] [Server thread/INFO]: Squids will spawn between Y: 45.0 and Y: 63.0
[14:41:45] [Server thread/INFO]: Player blocking damage multiplier set to 0.5
[14:41:45] [Server thread/INFO]: Max height for cactus growth 3. Max height for reed growth 3
[14:41:45] [Server thread/INFO]: Living Entity Despawn Ranges:  Soft: 32 Hard: 128
[14:41:45] [Server thread/INFO]: Remove invalid mob spawner tile entities: true
[14:41:45] [Server thread/INFO]: Water over lava flow speed: 5
[14:41:45] [Server thread/INFO]: Fix TNT cannons: false
[14:41:45] [Server thread/INFO]: Allow undead horse types to be leashed: false
[14:41:45] [Server thread/INFO]: WorldServer TickNextTick cap set at 10000
[14:41:45] [Server thread/INFO]: WorldServer TickNextTickList cap always processes redstone: false
[14:41:45] [Server thread/INFO]: Keep spawn chunk loaded: true
[14:41:45] [Server thread/INFO]: World async lighting: false
[14:41:45] [Server thread/INFO]: Preparing start region for level 0 (Seed: -1832180016976944579)
[14:41:46] [Server thread/INFO]: Preparing spawn area: 64%
[14:41:47] [Server thread/INFO]: Preparing start region for level 1 (Seed: -1832180016976944579)
[14:41:48] [Server thread/INFO]: Preparing spawn area: 82%
[14:41:48] [Server thread/INFO]: Preparing start region for level 2 (Seed: -1832180016976944579)
[14:41:48] [Server thread/INFO]: [EmotesChat] Enabling EmotesChat v1.3.1
[14:41:48] [Server thread/INFO]: [0;32;1mEnabled [0;33;1mEmotesChat v1.3.1[m

[14:41:48] [Server thread/INFO]: [SimpleTpa] Enabling SimpleTpa v6.4
[14:41:48] [Server thread/INFO]: [0;33;1m[21m[SimpleTpa] If you need support contact me at https://discord.gg/SZUkza9[m

[14:41:48] [Server thread/INFO]: [0;33;1m[21m[SimpleTpa] Simple Tpa has been enabled on version 6.4[m

[14:41:48] [Server thread/INFO]: Enabled metrics. You may opt-out by changing plugins/bStats/config.yml
[14:41:48] [Server thread/INFO]: [EssentialsSelectors] Enabling EssentialsSelectors v1.6
[14:41:48] [Server thread/ERROR]: [EssentialsSelectors] Plugin EssentialsSelectors v1.6 has failed to register events for class doglover.Events.TabEvent because org/bukkit/event/server/TabCompleteEvent does not exist.
[14:41:48] [Server thread/INFO]: [Essentials] Enabling Essentials v2.20.1
[14:41:48] [Server thread/INFO]: You are running a server with limited API functionality. EssentialsX will still work, but certain features may be disabled.
[14:41:48] [Server thread/WARN]: §4Version mismatch! Please update EssentialsSelectors to the same version.
[14:41:48] [Server thread/INFO]: Attempting to convert old kits in config.yml to new kits.yml
[14:41:48] [Server thread/INFO]: No kits found to migrate.
[14:41:48] [Server thread/INFO]: Loaded 853 items from items.csv.
[14:41:48] [Server thread/INFO]: Using locale en
[14:41:49] [Server thread/INFO]: ServerListPingEvent: Spigot iterator API
[14:41:49] [Server thread/INFO]: Starting Metrics. Opt-out using the global bStats config.
[14:41:49] [Server thread/WARN]: Detected supported permissions plugin LuckPerms without Vault installed.
[14:41:49] [Server thread/WARN]: Features such as chat prefixes/suffixes and group-related functionality will not work until you install Vault.
[14:41:49] [Server thread/INFO]: Using superperms-based permissions.
[14:41:49] [Server thread/INFO]: [LoginSecurity] Enabling LoginSecurity v3.2.0
[14:41:49] [Server thread/INFO]: [LoginSecurity] Loading base translations from "en_us"
[14:41:49] [Server thread/INFO]: [LoginSecurity] Loading specified translations from "en_us"
[14:41:49] [Server thread/INFO]: [LoginSecurity] Registering commands...
[14:41:49] [Server thread/INFO]: [LoginSecurity] Registering listeners...
[14:41:49] [Server thread/INFO]: [SimpleHomes] Enabling SimpleHomes v2.2
[14:41:49] [Server thread/INFO]: [OnePlayerSleep] Enabling OnePlayerSleep v1.3
[14:41:49] [Server thread/INFO]: [MinecraftDashboard] Enabling MinecraftDashboard v1.1.7
[14:41:49] [Server thread/WARN]: SLF4J: Failed to load class "org.slf4j.impl.StaticLoggerBinder".

[14:41:49] [Server thread/WARN]: SLF4J: Defaulting to no-operation (NOP) logger implementation

[14:41:49] [Server thread/WARN]: SLF4J: See http://www.slf4j.org/codes.html#StaticLoggerBinder for further details.

[14:41:50] [Server thread/INFO]: [InvSee++] Enabling InvSeePlusPlus v0.29.11
[14:41:50] [Server thread/INFO]: [GriefPrevention] Enabling GriefPrevention v13.9.1
[14:41:50] [Server thread/INFO]: GriefPrevention: Grief Prevention boot start.
[14:41:50] [Server thread/INFO]: GriefPrevention: Finished loading configuration.
[14:41:50] [Server thread/INFO]: GriefPrevention: 0 total claims loaded.
[14:41:50] [Server thread/INFO]: GriefPrevention: Customizable messages loaded.
[14:41:50] [Server thread/INFO]: GriefPrevention: Finished loading data (File Mode).
[14:41:50] [Server thread/INFO]: GriefPrevention: Boot finished.
[14:41:50] [Server thread/INFO]: [CustomCommands] Enabling CustomCommands v1.4
[14:41:50] [Server thread/INFO]: [BetterKeepInventory] Enabling BetterKeepInventory v1.0.3
[14:41:50] [Server thread/INFO]: Server permissions file permissions.yml is empty, ignoring it
[14:41:50] [Server thread/INFO]: Done (5.070s)! For help, type "help" or "?"
[14:41:50] [Server thread/INFO]: Timings Reset
[14:41:50] [Craft Scheduler Thread - 0/INFO]: §6Fetching version information...
[14:41:50] [Craft Scheduler Thread - 1/INFO]: [0;31;1m[21m[SimpleTpa] There is a new update available.[m

[14:41:50] [Craft Scheduler Thread - 1/INFO]: [0;31;1m[SimpleTpa] There is a new update available:[m

[14:41:50] [Craft Scheduler Thread - 1/INFO]: [0;31;1m[SimpleTpa] https://www.spigotmc.org/resources/simple-tpa.64270/[m

[14:41:54] [Thread-10/INFO]: UUID of player kenman6k is 39236cb0-4dcb-3d62-9c01-f386e019f908
[14:41:54] [Server thread/INFO]: kenman6k[/[0:0:0:0:0:0:0:1]:48500] logged in with entity id 263 at ([world]123.70633883357615, 130.0, -375.46627816892754)
[14:42:00] [Thread-12/INFO]: UUID of player Adrian is 2d75aef4-517b-392c-945d-19c3b3c59e06
[14:42:00] [Server thread/INFO]: Adrian[/[0:0:0:0:0:0:0:1]:41788] logged in with entity id 367 at ([world]-374.0131965882622, 125.0, -805.6535085104916)
[14:42:02] [Thread-14/INFO]: UUID of player KITKAT is 8bfbf5ca-3ccd-304c-b1e5-66e628f6e874
[14:42:02] [Server thread/INFO]: KITKAT[/[0:0:0:0:0:0:0:1]:41794] logged in with entity id 420 at ([world]-37.49147962699702, 15.0, 41.69211039220095)
[14:42:04] [Thread-16/INFO]: UUID of player John is c32e762f-4ac4-35f3-aa5d-9f57cdd5be94
[14:42:04] [Server thread/INFO]: John[/[0:0:0:0:0:0:0:1]:41798] logged in with entity id 481 at ([world]126.88775989629893, 68.0, -376.3410835959605)
[14:42:13] [Server thread/INFO]: §bkenman6k§r fell from a high place
[14:42:29] [Thread-18/INFO]: UUID of player tim is e875083c-8a85-3fab-8e52-a676496aa12b
[14:42:29] [Server thread/INFO]: tim[/[0:0:0:0:0:0:0:1]:57658] logged in with entity id 548 at ([world]-36.979841529059655, 15.0, 41.2356430148767)
[14:42:53] [Server thread/INFO]: kenman6k issued server command: /tpa John
[14:43:07] [Server thread/INFO]: John issued server command: /tpaccept
[14:43:10] [Server thread/INFO]: John issued server command: /
[14:43:17] [Server thread/INFO]: KITKAT issued server command: /back
[14:43:18] [Server thread/INFO]: kenman6k issued server command: /tpa John
[14:43:20] [Server thread/INFO]: John issued server command: /tpaccept
[14:43:21] [Server thread/INFO]: John issued server command: /
[14:43:30] [Server thread/INFO]: CONSOLE issued server command: /fly Adrian
[14:43:30] [Server thread/INFO]: [0;33;22mSet fly mode[0;31;1m enabled [0;33;22mfor Adrian[0;33;22m.[m

[14:43:45] [Server thread/INFO]: CONSOLE issued server command: /fly Adrian
[14:43:45] [Server thread/INFO]: [0;33;22mSet fly mode[0;31;1m disabled [0;33;22mfor Adrian[0;33;22m.[m

[14:44:34] [Server thread/INFO]: §1KITKAT§r has just earned the achievement [Benchmarking]
[14:45:02] [Server thread/INFO]: §1KITKAT§r has just earned the achievement [Time to Mine!]
[14:45:02] [Server thread/INFO]: §1KITKAT§r has just earned the achievement [Getting an Upgrade]
[14:45:22] [Server thread/INFO]: §1tim§r has just earned the achievement [Time to Strike!]
[14:45:30] [Thread-20/INFO]: UUID of player Cenozo is 80176aa8-7ac1-3616-aece-32acaf80928d
[14:45:30] [Server thread/INFO]: Cenozo[/[0:0:0:0:0:0:0:1]:57462] logged in with entity id 1555 at ([world]1382.6665580327976, 6.0, 333.74267616427346)
[14:45:41] [Server thread/INFO]: Cenozo issued server command: /give Cenozo goldshovel 1
[14:45:45] [Server thread/INFO]: Adrian issued server command: /sethome tree
[14:45:48] [Server thread/INFO]: Cenozo issued server command: /gmc
[14:45:52] [Server thread/INFO]: Cenozo issued server command: /gms
[14:45:52] [Server thread/INFO]: tim issued server command: /back'
[14:45:55] [Server thread/INFO]: tim issued server command: /back
[14:46:01] [Server thread/INFO]: Adrian issued server command: /home Home
[14:46:10] [Server thread/INFO]: John issued server command: /sethome home
[14:46:18] [Server thread/INFO]: kenman6k issued server command: /sethome sky tower
[14:46:33] [Server thread/INFO]: Cenozo issued server command: /gms
[14:46:36] [Server thread/INFO]: Cenozo issued server command: /gmspec
[14:46:37] [Server thread/INFO]: Cenozo issued server command: /gmspec
[14:46:39] [Server thread/INFO]: Cenozo issued server command: /gm spec
[14:46:52] [Server thread/INFO]: Cenozo issued server command: /gms
[14:47:03] [Server thread/INFO]: kenman6k issued server command: /tpa john
[14:47:05] [Server thread/INFO]: Cenozo issued server command: /heal
[14:47:10] [Server thread/INFO]: John issued server command: /tpaccept
[14:47:16] [Server thread/INFO]: John issued server command: /
[14:48:00] [Server thread/INFO]: kenman6k issued server command: /sethome ground
[14:48:05] [Server thread/INFO]: Cenozo issued server command: /homes
[14:48:07] [Server thread/INFO]: §7John§r has just earned the achievement [Getting an Upgrade]
[14:49:25] [Server thread/INFO]: Cenozo issued server command: /sethome home
[14:50:24] [Server thread/INFO]: KITKAT issued server command: /tpa tim
[14:50:30] [Server thread/INFO]: tim issued server command: /tpaccept
[14:50:36] [Server thread/INFO]: Cenozo issued server command: /gm spec
[14:50:37] [Server thread/INFO]: kenman6k issued server command: /home sky
[14:50:39] [Server thread/INFO]: §7John§r has just earned the achievement [Hot Topic]
[14:50:40] [Server thread/INFO]: Cenozo issued server command: /gms
[14:50:43] [Server thread/INFO]: Cenozo issued server command: /sethome Surface
[14:51:08] [Server thread/INFO]: Cenozo issued server command: /home home
[14:51:52] [Server thread/INFO]: Cenozo issued server command: /give Cenozo diamond 3
[14:52:05] [Server thread/INFO]: Cenozo issued server command: /home Surfave
[14:52:07] [Server thread/INFO]: Cenozo issued server command: /home Surface
[14:52:16] [Server thread/INFO]: tim lost connection: Disconnected
[14:52:16] [Server thread/INFO]: tim left the game.
[14:52:22] [Server thread/INFO]: KITKAT lost connection: Disconnected
[14:52:22] [Server thread/INFO]: KITKAT left the game.
[14:52:23] [Server thread/INFO]: §bkenman6k§r fell from a high place
[14:52:26] [Server thread/INFO]: kenman6k lost connection: Disconnected
[14:52:26] [Server thread/INFO]: kenman6k left the game.
[14:53:20] [Thread-26/INFO]: UUID of player tim is e875083c-8a85-3fab-8e52-a676496aa12b
[14:53:20] [Server thread/INFO]: tim[/[0:0:0:0:0:0:0:1]:34258] logged in with entity id 5880 at ([world]274.69999998807907, 84.0, 158.71558275257522)
[14:53:40] [Server thread/INFO]: Cenozo lost connection: Disconnected
[14:53:40] [Server thread/INFO]: Cenozo left the game.
[14:53:56] [Thread-29/INFO]: UUID of player Cenozo is 80176aa8-7ac1-3616-aece-32acaf80928d
[14:53:56] [Server thread/INFO]: Cenozo[/[0:0:0:0:0:0:0:1]:41506] logged in with entity id 6012 at ([world]1322.4944566426161, 64.0, 476.9370267959888)
[14:54:07] [Thread-31/INFO]: UUID of player KITKAT is 8bfbf5ca-3ccd-304c-b1e5-66e628f6e874
[14:54:07] [Server thread/INFO]: KITKAT[/[0:0:0:0:0:0:0:1]:56702] logged in with entity id 6237 at ([world]350.95449268342395, 85.0, -31.144579559244818)
[14:54:11] [Server thread/INFO]: Cenozo issued server command: /w Adrian I love you cutie ;3
[14:54:16] [Server thread/INFO]: §1tim§r has just earned the achievement [Monster Hunter]
[14:54:34] [Server thread/INFO]: Cenozo issued server command: /heal
[14:54:54] [Server thread/INFO]: Cenozo issued server command: /give Cenozo steak 17
[14:56:07] [Server thread/INFO]: KITKAT lost connection: Disconnected
[14:56:07] [Server thread/INFO]: KITKAT left the game.
[14:56:20] [Server thread/INFO]: John issued server command: /home
[14:56:28] [Server thread/INFO]: John issued server command: /home home
[14:56:42] [Server thread/INFO]: John lost connection: Disconnected
[14:56:42] [Server thread/INFO]: John left the game.
[14:57:49] [Server thread/INFO]: Cenozo issued server command: /gm spec
[14:58:44] [Server thread/INFO]: Cenozo issued server command: /gms
[15:00:33] [Server thread/INFO]: Cenozo issued server command: /gm spec
[15:01:56] [Server thread/INFO]: [Bounty] Enabling Bounty v1.8
[15:01:56] [Server thread/INFO]: [Bounty] config.yml created.
[15:01:56] [Server thread/INFO]: [Bounty] bounty.yml created.
[15:02:20] [Server thread/INFO]: Cenozo issued server command: /bounty
[15:02:27] [Server thread/INFO]: Cenozo issued server command: /bounty list
[15:03:47] [Server thread/INFO]: [EconomyShopGUI] Enabling EconomyShopGUI v6.10.1
[15:03:48] [Server thread/INFO]: [0;30;1m[[0;36;22mEconomyShopGUI[0;30;1m][m [0;30;1m[[0;37;22mINFO[0;30;1m][m: Using lang-en.yml as language file.[m

[15:03:48] [Server thread/INFO]: [0;30;1m[[0;36;22mEconomyShopGUI[0;30;1m][m [0;30;1m[[0;37;22mINFO[0;30;1m][m: Completed loading 16 section configs from /sections/[m

[15:03:48] [Server thread/INFO]: [0;30;1m[[0;36;22mEconomyShopGUI[0;30;1m][m [0;30;1m[[0;37;22mINFO[0;30;1m][m: Default shops layout compatible with 18 created at /workspaces/server-test/server/plugins/EconomyShopGUI/shops[m

[15:03:48] [Server thread/INFO]: [0;30;1m[[0;36;22mEconomyShopGUI[0;30;1m][m [0;30;1m[[0;37;22mINFO[0;30;1m][m: Completed loading 16 shop configs from /shops/[m

[15:03:48] [Server thread/INFO]: [0;30;1m[[0;36;22mEconomyShopGUI[0;30;1m][m [0;30;1m[[0;37;22mINFO[0;30;1m][m: Updating Shop settings...[m

[15:03:48] [Server thread/INFO]: [0;30;1m[[0;36;22mEconomyShopGUI[0;30;1m][m [0;30;1m[[0;31;1mWARN[0;30;1m][m: Failed to load default economy provider with reason 'Could not find Vault', trying to automatically find supported economy provider[m

[15:03:48] [Server thread/INFO]: [0;30;1m[[0;36;22mEconomyShopGUI[0;30;1m][m [0;30;1m[[0;31;1mWARN[0;30;1m][m: ===================================================[m

[15:03:48] [Server thread/INFO]: [0;30;1m[[0;36;22mEconomyShopGUI[0;30;1m][m [0;30;1m[[0;31;1mWARN[0;30;1m][m:  [m

[15:03:48] [Server thread/INFO]: [0;30;1m[[0;36;22mEconomyShopGUI[0;30;1m][m [0;30;1m[[0;31;1mWARN[0;30;1m][m: Failed to automatically load an available economy provider, this plugin requires one, disabling...[m

[15:03:48] [Server thread/INFO]: [0;30;1m[[0;36;22mEconomyShopGUI[0;30;1m][m [0;30;1m[[0;31;1mWARN[0;30;1m][m: See a list of available economy providers on our wiki here: https://wiki.gpplugins.com/economyshopgui/file-configuration/config.yml#economy-provider[m

[15:03:48] [Server thread/INFO]: [0;30;1m[[0;36;22mEconomyShopGUI[0;30;1m][m [0;30;1m[[0;31;1mWARN[0;30;1m][m:  [m

[15:03:48] [Server thread/INFO]: [0;30;1m[[0;36;22mEconomyShopGUI[0;30;1m][m [0;30;1m[[0;31;1mWARN[0;30;1m][m: ===================================================[m

[15:03:48] [Server thread/INFO]: [EconomyShopGUI] Disabling EconomyShopGUI v6.10.1
[15:03:51] [Server thread/INFO]: [EconomyShopGUI] Enabling EconomyShopGUI v6.10.1
[15:03:51] [Server thread/INFO]: [0;30;1m[[0;36;22mEconomyShopGUI[0;30;1m][m [0;30;1m[[0;37;22mINFO[0;30;1m][m: Using lang-en.yml as language file.[m

[15:03:51] [Server thread/INFO]: [0;30;1m[[0;36;22mEconomyShopGUI[0;30;1m][m [0;30;1m[[0;37;22mINFO[0;30;1m][m: Completed loading 16 section configs from /sections/[m

[15:03:51] [Server thread/INFO]: [0;30;1m[[0;36;22mEconomyShopGUI[0;30;1m][m [0;30;1m[[0;37;22mINFO[0;30;1m][m: Completed loading 16 shop configs from /shops/[m

[15:03:51] [Server thread/INFO]: [0;30;1m[[0;36;22mEconomyShopGUI[0;30;1m][m [0;30;1m[[0;37;22mINFO[0;30;1m][m: Updating Shop settings...[m

[15:03:51] [Server thread/INFO]: [0;30;1m[[0;36;22mEconomyShopGUI[0;30;1m][m [0;30;1m[[0;31;1mWARN[0;30;1m][m: Failed to load default economy provider with reason 'Could not find Vault', trying to automatically find supported economy provider[m

[15:03:51] [Server thread/INFO]: [0;30;1m[[0;36;22mEconomyShopGUI[0;30;1m][m [0;30;1m[[0;31;1mWARN[0;30;1m][m: ===================================================[m

[15:03:51] [Server thread/INFO]: [0;30;1m[[0;36;22mEconomyShopGUI[0;30;1m][m [0;30;1m[[0;31;1mWARN[0;30;1m][m:  [m

[15:03:51] [Server thread/INFO]: [0;30;1m[[0;36;22mEconomyShopGUI[0;30;1m][m [0;30;1m[[0;31;1mWARN[0;30;1m][m: Failed to automatically load an available economy provider, this plugin requires one, disabling...[m

[15:03:51] [Server thread/INFO]: [0;30;1m[[0;36;22mEconomyShopGUI[0;30;1m][m [0;30;1m[[0;31;1mWARN[0;30;1m][m: See a list of available economy providers on our wiki here: https://wiki.gpplugins.com/economyshopgui/file-configuration/config.yml#economy-provider[m

[15:03:51] [Server thread/INFO]: [0;30;1m[[0;36;22mEconomyShopGUI[0;30;1m][m [0;30;1m[[0;31;1mWARN[0;30;1m][m:  [m

[15:03:51] [Server thread/INFO]: [0;30;1m[[0;36;22mEconomyShopGUI[0;30;1m][m [0;30;1m[[0;31;1mWARN[0;30;1m][m: ===================================================[m

[15:03:51] [Server thread/INFO]: [EconomyShopGUI] Disabling EconomyShopGUI v6.10.1
[15:04:00] [Server thread/INFO]: Cenozo lost connection: Timed out
[15:04:00] [Server thread/INFO]: Cenozo left the game.
[15:04:01] [Server thread/INFO]: [EconomyShopGUI] Enabling EconomyShopGUI v6.10.1
[15:04:01] [Server thread/INFO]: [0;30;1m[[0;36;22mEconomyShopGUI[0;30;1m][m [0;30;1m[[0;37;22mINFO[0;30;1m][m: Using lang-en.yml as language file.[m

[15:04:01] [Server thread/INFO]: [0;30;1m[[0;36;22mEconomyShopGUI[0;30;1m][m [0;30;1m[[0;37;22mINFO[0;30;1m][m: Completed loading 16 section configs from /sections/[m

[15:04:01] [Server thread/INFO]: [0;30;1m[[0;36;22mEconomyShopGUI[0;30;1m][m [0;30;1m[[0;37;22mINFO[0;30;1m][m: Completed loading 16 shop configs from /shops/[m

[15:04:01] [Server thread/INFO]: [0;30;1m[[0;36;22mEconomyShopGUI[0;30;1m][m [0;30;1m[[0;37;22mINFO[0;30;1m][m: Updating Shop settings...[m

[15:04:01] [Server thread/INFO]: [0;30;1m[[0;36;22mEconomyShopGUI[0;30;1m][m [0;30;1m[[0;31;1mWARN[0;30;1m][m: Failed to load default economy provider with reason 'Could not find Vault', trying to automatically find supported economy provider[m

[15:04:01] [Server thread/INFO]: [0;30;1m[[0;36;22mEconomyShopGUI[0;30;1m][m [0;30;1m[[0;31;1mWARN[0;30;1m][m: ===================================================[m

[15:04:01] [Server thread/INFO]: [0;30;1m[[0;36;22mEconomyShopGUI[0;30;1m][m [0;30;1m[[0;31;1mWARN[0;30;1m][m:  [m

[15:04:01] [Server thread/INFO]: [0;30;1m[[0;36;22mEconomyShopGUI[0;30;1m][m [0;30;1m[[0;31;1mWARN[0;30;1m][m: Failed to automatically load an available economy provider, this plugin requires one, disabling...[m

[15:04:01] [Server thread/INFO]: [0;30;1m[[0;36;22mEconomyShopGUI[0;30;1m][m [0;30;1m[[0;31;1mWARN[0;30;1m][m: See a list of available economy providers on our wiki here: https://wiki.gpplugins.com/economyshopgui/file-configuration/config.yml#economy-provider[m

[15:04:01] [Server thread/INFO]: [0;30;1m[[0;36;22mEconomyShopGUI[0;30;1m][m [0;30;1m[[0;31;1mWARN[0;30;1m][m:  [m

[15:04:01] [Server thread/INFO]: [0;30;1m[[0;36;22mEconomyShopGUI[0;30;1m][m [0;30;1m[[0;31;1mWARN[0;30;1m][m: ===================================================[m

[15:04:01] [Server thread/INFO]: [EconomyShopGUI] Disabling EconomyShopGUI v6.10.1
[15:04:13] [Server thread/INFO]: Stopping the server
[15:04:13] [Server thread/INFO]: Stopping server
[15:04:13] [Server thread/INFO]: [Bounty] Disabling Bounty v1.8
[15:04:13] [Server thread/INFO]: [BetterKeepInventory] Disabling BetterKeepInventory v1.0.3
[15:04:13] [Server thread/INFO]: [CustomCommands] Disabling CustomCommands v1.4
[15:04:13] [Server thread/INFO]: [GriefPrevention] Disabling GriefPrevention v13.9.1
[15:04:13] [Server thread/INFO]: GriefPrevention: GriefPrevention disabled.
[15:04:13] [Server thread/INFO]: [InvSee++] Disabling InvSeePlusPlus v0.29.11
[15:04:13] [Server thread/INFO]: [MinecraftDashboard] Disabling MinecraftDashboard v1.1.7
[15:04:13] [Server thread/INFO]: [OnePlayerSleep] Disabling OnePlayerSleep v1.3
[15:04:13] [Server thread/INFO]: [SimpleHomes] Disabling SimpleHomes v2.2
[15:04:13] [Server thread/INFO]: [LoginSecurity] Disabling LoginSecurity v3.2.0
[15:04:13] [Server thread/INFO]: [LoginSecurity] Waiting for queued tasks...
[15:04:13] [Server thread/INFO]: [LoginSecurity] ExecutorService shut down, ready to disable.
[15:04:13] [Server thread/INFO]: Disabling Essentials v2.20.1
[15:04:13] [Server thread/INFO]: [EssentialsSelectors] Disabling EssentialsSelectors v1.6
[15:04:13] [Server thread/INFO]: [LuckPerms] Disabling LuckPerms v5.4.150
[15:04:13] [Server thread/INFO]: [LuckPerms] Starting shutdown process...
[15:04:13] [Server thread/INFO]: [LuckPerms] Closing storage...
[15:04:13] [Server thread/INFO]: [LuckPerms] Goodbye!
[15:04:13] [Server thread/INFO]: [SimpleTpa] Disabling SimpleTpa v6.4
[15:04:13] [Server thread/INFO]: [0;36;1m[21m[SimpleTpa] If you need support contact me at https://discord.gg/SZUkza9[m

[15:04:13] [Server thread/INFO]: [0;36;1m[21m[SimpleTpa] Simple Tpa has been disabled on version 6.4[m

[15:04:13] [Server thread/INFO]: [EmotesChat] Disabling EmotesChat v1.3.1
[15:04:13] [Server thread/INFO]: Saving players
[15:04:13] [Server thread/INFO]: Adrian lost connection: Server closed
[15:04:13] [Server thread/INFO]: Adrian left the game.
[15:04:14] [Server thread/INFO]: Saving worlds
[15:04:14] [Server thread/INFO]: Saving chunks for level 'world'/Overworld
[15:04:14] [Server thread/INFO]: Saving chunks for level 'world_nether'/Nether
[15:04:14] [Server thread/INFO]: Saving chunks for level 'world_the_end'/The End
