14:49 KITKAT    : nice
14:49 Spoke     : yeeeeeeeee
14:57 Adrian    : some one sleep
15:01 KITKAT    : hi tim
15:01 tim       : hoi
15:02 KITKAT    : yo tim do you have any diamonds or iron on you currently
15:02 tim       : iron
15:02 KITKAT    : alr
15:08 Adrian    : tim sleep
15:08 Adrian    : someone sleep
15:08 John      : ummmm no
15:15 Adrian    : Does anyone have some wheat I can have?
15:15 Spoke     : it well cost you
15:16 KITKAT    : hey spoke
15:16 Adrian    : how much
15:16 KITKAT    : you said smth about trading gold for a diamond right??
15:25 Adrian    : I NEED WHEAT
15:32 tim placed suspicious WATER_BUCKET @ world: x647, z69
15:55 KITKAT    : nice
15:56 John      : what happened to all my iron?
15:56 Adrian    : thank you
15:56 tim       : k thats all i have
15:57 tim       : pay up
15:58 KITKAT    : yo whalyn
15:58 KITKAT    : you still in the cave?
15:58 tim       : preston
15:58 KITKAT    : hm?
15:58 tim       : who has my lapis
15:58 kenman6k  : gang gang
15:58 KITKAT    : i have no idea but i have some if you'd like it
15:59 tim       : can i have a few
15:59 KITKAT    : sure hold on rq though
15:59 John      : e
15:59 KITKAT    : thx
16:00 tim       : hehe
16:00 KITKAT    : kenley
16:00 Spoke     : t
16:00 KITKAT    : why are you here
16:00 tim       : dont kill him
16:00 Cenozo    : /msg Adrian Did you like what I did to you ;3 
16:00 KITKAT    : why not exactly
16:00 KITKAT    : just asking
16:01 tim       : preston
16:01 KITKAT    : huh
16:01 tim       : look at me and press c
16:01 KITKAT    : kenley you wanna be our slave?
16:01 KITKAT    : i see tim
16:01 tim       : oh i thought it would make your eyes bigger
16:01 KITKAT    : kenley go mine me some diamonds
16:01 kenman6k  : no
16:01 Cenozo    : Nah what
16:01 KITKAT    : yes
16:02 John      : yeah no kenley you should definately do that
16:02 KITKAT    : get to work !
16:02 kenman6k  : bro what
16:02 Cenozo    : Damn bro
16:02 tim       : i know your coodrs kenley
16:02 Cenozo    : You building a whole fortress or smth
16:02 tim       : coords
16:02 KITKAT    : any outsiders will either be killed on spot or used as slaves
16:02 kenman6k  : kinda
16:03 Cenozo    : I am murdering the person that killed jeb_. I DIDN'T FORGET YOU BASTARDS!
16:03 tim       : i didnt do it i didnt know about jeb
16:03 John      : whos jeb
16:03 Cenozo    : My fucking rainbow sheep. Someone killed it.
16:03 Adrian    : my baby
16:03 kenman6k  : who killed him long live jeb
16:03 KITKAT    : rip that sheep
16:03 kenman6k  : LONG LIVE THE KING
16:03 KITKAT    : probably made for good mutton
16:04 Adrian    : that sheep was my baby
16:04 Cenozo    : I am coming after your ass KITKAT.
16:04 kenman6k  : danm
16:04 KITKAT    : what i do
16:04 KITKAT    : i didnt kill that thing
16:04 Cenozo    : "probably made for good mutton" NOW YOU CALL IT A THING
16:04 kenman6k  : he was more than a thing
16:04 Cenozo    : I AM BURNING DOWN EVERYTHING YOU LOVE
16:04 KITKAT    : a rainbow thing
16:05 tim       : mobs can also die from hunger
16:05 Cenozo    : No they cannot
16:05 kenman6k  : this isnt ark
16:05 tim       : ik
16:05 Cenozo    : Mobs don't have the hunger value. Only players have that value.
16:06 kenman6k  : payton said let it rip tator chip
16:06 Cenozo    : I know
16:06 tim       : let it rip paper clip
16:07 KITKAT    : peyton how much gold you need
16:07 tim       : let it rip broken hip
16:09 KITKAT    : wait what
16:09 KITKAT    : its literally just a sheep that i didnt even kill
16:10 John      : e
16:10 KITKAT    : why was tim killed
16:11 tim       : i tried breaking a block and he killed me
16:11 KITKAT    : ohh
16:12 John      : e
16:13 tim       : /whisper cenozo kill bella i wanna se her rage 
16:13 KITKAT    : bro are you seriously after me just for that
16:13 Cenozo    : Yes indeed
16:14 KITKAT    : rip
16:14 KITKAT    : kinda over nothing though
16:14 Cenozo    : I could careless.
16:14 KITKAT    : well i could sooo
16:14 Cenozo    : Womp womp
16:14 KITKAT    : corny
16:15 Cenozo    : Thanks man
16:17 T03       : how do you make mushroom soup?
16:17 KITKAT    : im not accepting that adrian
16:17 Adrian    : pleast
16:18 Adrian    : please
16:18 KITKAT    : have corbin tp to you
16:18 KITKAT    : idc not risking it
16:18 KITKAT    : if you arent on my team i aint accepting the request
16:20 KITKAT    : MMM
16:25 KITKAT    : yo do you have any sticks spoke
16:25 KITKAT    : you have what??
16:25 Cenozo    : /msg kenman6k You've been invited to join my team. Do you want to join? /msg Cenozo to repsond. 
16:26 KITKAT    : KENLEY
16:26 kenman6k  : /msg Cenozo sure 
16:26 KITKAT    : kenley where are you
16:26 kenman6k  : my in progress base
16:26 KITKAT    : if youre above the surface can i tp to you??
16:26 KITKAT    : i just need twood
16:26 kenman6k  : e
16:26 KITKAT    : nvm whalyn is
16:27 Cenozo    : e
16:54 KITKAT    : WHAT THE HECK
16:55 John placed suspicious WATER_BUCKET @ world: x677, z-511
16:56 tim       : 242 11
16:58 Spoke     : /t 
17:19 KITKAT    : we found a mineshaft
17:19 KITKAT    : lag
17:25 Spoke placed suspicious WATER_BUCKET @ world: x-1605, z-1225
17:25 Spoke placed suspicious WATER_BUCKET @ world: x-1608, z-1222
17:25 Spoke placed suspicious WATER_BUCKET @ world: x-1614, z-1221
17:25 tim placed suspicious WATER_BUCKET @ world: x266, z-385
17:25 Spoke placed suspicious WATER_BUCKET @ world: x-1613, z-1224
17:26 Spoke placed suspicious WATER_BUCKET @ world: x-1611, z-1231
17:26 Spoke placed suspicious WATER_BUCKET @ world: x-1603, z-1230
17:26 Spoke placed suspicious WATER_BUCKET @ world: x-1599, z-1223
17:26 Spoke placed suspicious WATER_BUCKET @ world: x-1600, z-1222
17:26 Spoke placed suspicious WATER_BUCKET @ world: x-1605, z-1218
17:26 Spoke placed suspicious WATER_BUCKET @ world: x-1610, z-1217
17:26 Spoke placed suspicious WATER_BUCKET @ world: x-1615, z-1220
17:26 Spoke placed suspicious WATER_BUCKET @ world: x-1615, z-1219
17:28 Adrian    : Who wants drugs
17:28 KITKAT    : those are bad though
17:28 Adrian    : nuh uh
17:28 KITKAT    : yuhuh
17:28 Cenozo    : Well surprise surprise.
17:28 Cenozo    : You actually saying no to drugs for once?
17:28 KITKAT    : yes !!
17:28 Cenozo    : I believ you aren't Preston.
17:28 Adrian    : DRUGS FOR SALE
17:29 Cenozo    : believe*
17:29 Cenozo    : believe *
17:29 KITKAT    : i believe i am
17:29 Cenozo    : Liar
17:29 Cenozo    : Anyways Spoke you ready?
17:29 tim       : i am
17:30 Adrian    : nvm
17:30 Adrian    : "No" drugs
17:30 Adrian    : butttt if you want some ill get you some
17:31 Adrian    : nvm
17:31 Adrian    : no drugs
18:37 John      : tim you on here
18:41 John      : who sent that
18:41 KITKAT    : me
18:41 John      : ok
18:41 S03thinx  : theres a sheep trying to touch me
18:41 KITKAT    : huh
18:41 John      : hwat
18:42 John      : what
18:42 KITKAT    : do "/party chat on"
18:42 Cenozo    : Odd
18:42 KITKAT    : then try speaking
18:42 John      : wazzzzzzzzzzzzzzzzzzzzzzzzzzzzzzzzzzzzzzzzzzzzzup
18:42 KITKAT    : yes
18:44 S03thinx  : i friended a horse
18:46 KITKAT    : HOLY
18:46 KITKAT    : almost died
18:46 KITKAT    : any food?
18:46 tim       : how
18:46 tim       : oh
18:46 S03thinx  : how do i get off of a horse
18:46 John      : tim can you still make iron golem? i have pumpkins
18:46 T03       : lol
18:46 T03       : i think my dog died
18:47 S03thinx  : can some one tell me how to get off of a horse
18:47 tim       : left shift
18:47 T03       : how did you get a horse
18:47 S03thinx  : i tamed it
18:47 T03       : how
18:47 tim       : apples
18:47 S03thinx  : trying to ride it
18:48 T03       : i ate mine .
18:48 T03       : libby
18:48 tim       : your horse?
18:48 T03       : give me food
18:48 T03       : no thw apples
18:48 tim       : oh
18:48 tim       : phew
18:48 Adrian    : let me in
18:48 S03thinx  : i ate my horse
18:48 Cenozo    : WILD
18:49 John      : preston please tell tim about the iron golem
18:49 tim       : ahhhhhhhh
18:49 tim       : ik
18:49 tim       : i have pumpkins
18:49 Adrian    : /msg Cenozo Heya 
18:49 KITKAT    : what iron golem...
18:49 John      : then can you do it?
18:49 tim       : whalyn are u at base
18:49 John      : the one he is gonna make
18:49 Adrian    : /msg Cenozo let me in 
18:50 Adrian    : /msg Cenozo ill give you coke 
18:50 tim       : whalyn i know about it are u at base whalyn
18:51 tim       : preston look at my screen
18:53 tim       : hahahhahahahhha
18:53 KITKAT    : anyone at base
18:53 tim       : me
18:53 KITKAT    : wait
18:53 KITKAT    : goated
18:54 tim       : i need iron
18:54 KITKAT    : iron in furnace
18:55 KITKAT    : oh yeha
18:55 KITKAT    : whalyn
18:55 S03thinx  : damn
18:55 Cenozo    : Woops
18:55 T03       : i didnt know you had such problems..
18:56 Cenozo    : Wanna see smth cool!
18:56 T03       : im looking for a dog i killed mine :(
18:56 S03thinx  : bella called her dog a monkeyw
18:56 KITKAT    : what
18:56 tim       : first we need to find a spawner
18:57 tim       : dang
18:57 S03thinx  : damn...
18:57 tim       : how
18:57 T03       : well i knew she had problems
18:57 b___      : thats crazy
18:57 tim       : wooooooooow
18:57 T03       : jkkk
18:57 Cenozo    : Magic time
18:57 KITKAT    : magic?
18:57 Cenozo    : I cast the dead spell
18:57 Cenozo    : On someone random
18:57 KITKAT    : NO !
18:57 Cenozo    : So uhh
18:57 KITKAT    : how about NO
18:58 Cenozo    : It's gonna be random
18:58 Cenozo    : RNG TIME
18:58 Cenozo    : WHO WILL DIE!!
18:58 KITKAT    : actually im fine with that
18:58 T03       : xd
18:58 Cenozo    : It was Libby
18:58 b___      : libbys aura went down
18:58 Cenozo    : Population Control
18:58 T03       : -5000
18:59 tim       : preston
18:59 KITKAT    : fourcorners !!
18:59 S03thinx  : damn....
18:59 tim       : preston
18:59 KITKAT    : how do you take your own life twice in the span of like 5 minutes
18:59 T03       : you'd wanna know
19:00 KITKAT    : YOU RAT
19:00 tim       : here
19:01 S03thinx  : kenely ima shoot a bow in arrow up yo ass
19:01 tim       : hahahha
19:01 tim       : oh
19:02 tim       : fireball liquor
19:02 tim       : he took a shot
19:02 tim       : we got food at home
19:03 tim       : i have no more
19:04 S03thinx  : well darn
19:04 KITKAT placed suspicious WATER_BUCKET @ world: x579, z162
19:04 KITKAT placed suspicious WATER_BUCKET @ world: x579, z162
19:04 Cenozo    : Anyone wanna gamble with their life?
19:04 Adrian    : Meeeeeeeeeeeeeeeeeeeeeeeee
19:04 Cenozo    : Not you Adrian
19:04 Adrian    : damn it
19:05 S03thinx  : my dog ate whole cow
19:05 Cenozo    : Anyone?
19:05 Adrian    : me
19:05 tim       : dang
19:05 Cenozo    : You can get something pretty gud in return
19:05 Cenozo    : :)
19:05 KITKAT    : wait what
19:05 KITKAT    : GAMBLING???
19:05 Cenozo    : Yes
19:05 KITKAT    : bet
19:05 Adrian    : meeeeeeeeeeeeeeeeeeeeeeeeeeeeeeeeeeeeeeeeeeeeeeeeeeeeeeeeeeeeeeeeeeeeeeeeeeeeeeeeeeeee
19:05 KITKAT    : hold up though
19:05 Cenozo    : 50 50 you die or get one diamond
19:05 KITKAT    : alr
19:06 Adrian    : me
19:06 Cenozo    : Are you ready!
19:06 KITKAT    : yes
19:06 KITKAT    : me
19:06 b___      : yt
19:07 tim       : i wanna gamble too
19:07 KITKAT    : i take it back i hate gambling
19:08 tim       : can i gamble
19:08 tim       : oh
19:08 KITKAT    : wait a second
19:08 KITKAT    : this will be useful
19:08 tim       : yea
19:08 tim       : hehehhehehe
19:09 tim       : same
19:09 S03thinx  : W
19:10 Adrian    : /msg Cenozo fuck me 
19:10 Spoke     : hi
19:10 Adrian    : hi
19:11 Spoke     : no corbin
19:11 tim       : um
19:11 KITKAT    : OW
19:11 tim       : i spawned a fireball into the sky
19:11 S03thinx  : yall know where i can finds wolfs at
19:11 KITKAT    : what just happened
19:13 KITKAT    : KENLEY
19:13 tim       : hehehahehehaha
19:13 KITKAT    : mine me some diamonds now
19:13 kenman6k  : prestoner
19:13 tim       : muah
19:13 tim       : prestboner
19:13 tim       : prestoner
19:13 KITKAT    : WHAT
19:13 KITKAT    : FYM PRESTBONER
19:13 tim       : oh
