14:03 Cenozo    : Do you Cenozo, want to marry Adrian on this server?
14:07 Cenozo3   : Do you Cenozo, want to marry Adrian on this server?
14:08 Cenozo3   : e
14:24 John      : e
14:25 John      : eeeeeeeeeeeeeeeeeeeeeeeeeeeeeeeeeeeeeeeeeeeeeeeeeeeeeeeeeeeeeeeeeeee
14:31 Adrian    : dose anyone need wood or tree babys
14:32 tim placed suspicious WATER_BUCKET @ world: x320, z142
14:39 John      : e
14:42 tim placed suspicious WATER_BUCKET @ world: x324, z135
14:42 Cenozo    : e
14:42 tim placed suspicious WATER_BUCKET @ world: x325, z133
14:42 Cenozo    : You are so cute :3
14:52 John      : t
15:29 Spoke     : food pls
15:30 Spoke     : preston got eny food
15:30 KITKAT    : hi
15:30 Spoke     : pls
15:30 Spoke     : thx
18:15 KITKAT    : I NEED FOOD
18:16 KITKAT    : tim i need food
18:17 KITKAT    : can you give it to me rq
18:17 KITKAT    : oh
18:17 KITKAT    : e
18:18 KITKAT    : e
18:18 KITKAT    : yes
19:12 John      : who
19:13 Spoke     : me
19:13 John      : mk
19:13 Spoke     : in my room i beat my sock
19:13 Cenozo    : ..
19:14 tim       : that is crazy
19:14 KITKAT    : accept
19:34 John      : t
19:34 KITKAT    : hi
